<?xml version="1.0" encoding="UTF-8"?>
<testng-results ignored="0" total="1" passed="1" failed="0" skipped="0">
  <reporter-output>
  </reporter-output>
  <suite started-at="2021-08-26T12:34:13 IST" name="Default suite" finished-at="2021-08-26T12:34:13 IST" duration-ms="30">
    <groups>
    </groups>
    <test started-at="2021-08-26T12:34:13 IST" name="Default test" finished-at="2021-08-26T12:34:13 IST" duration-ms="30">
      <class name="NewTestNG">
        <test-method is-config="true" signature="beforeClass()[pri:0, instance:NewTestNG@6c130c45]" started-at="2021-08-26T12:34:13 IST" name="beforeClass" finished-at="2021-08-26T12:34:13 IST" duration-ms="5" status="PASS">
          <reporter-output>
          </reporter-output>
        </test-method> <!-- beforeClass -->
        <test-method is-config="true" signature="beforeMethod()[pri:0, instance:NewTestNG@6c130c45]" started-at="2021-08-26T12:34:13 IST" name="beforeMethod" finished-at="2021-08-26T12:34:13 IST" duration-ms="0" status="PASS">
          <reporter-output>
          </reporter-output>
        </test-method> <!-- beforeMethod -->
        <test-method signature="f()[pri:0, instance:NewTestNG@6c130c45]" started-at="2021-08-26T12:34:13 IST" name="f" finished-at="2021-08-26T12:34:13 IST" duration-ms="3" status="PASS">
          <reporter-output>
          </reporter-output>
        </test-method> <!-- f -->
      </class> <!-- NewTestNG -->
    </test> <!-- Default test -->
  </suite> <!-- Default suite -->
</testng-results>
